<?xml version="1.0" encoding="UTF-8"?>
<!-- Generated by org.testng.reporters.JUnitXMLReporter -->
<testsuite hostname="LAPTOP-G2SQ9GRV" ignored="0" name="Ecommerce App Test_Chrome1" tests="2" failures="0" timestamp="05 Feb 2019 03:38:03 GMT" time="89.177" errors="0">
  <testcase name="home" time="1.324" classname="com.automationpractice.tests.TC1_LandingPage"/>
  <testcase name="sign" time="72.035" classname="com.automationpractice.tests.TC2_SigninPage"/>
</testsuite> <!-- Ecommerce App Test_Chrome1 -->
